<?xml version="1.0" encoding="UTF-8"?>
<!-- Generated by org.testng.reporters.JUnitReportReporter -->
<testsuite skipped="0" hostname="duankj-book" name="com.testing.runner.WEBdataDriven" tests="37" failures="0" timestamp="12 四月 2020 23:31:18 GMT" time="46.229" errors="0">
  <testcase name="f" time="1.119" classname="com.testing.runner.WEBdataDriven"/>
  <testcase name="f" time="1.085" classname="com.testing.runner.WEBdataDriven"/>
  <testcase name="f" time="1.556" classname="com.testing.runner.WEBdataDriven"/>
  <testcase name="f" time="1.026" classname="com.testing.runner.WEBdataDriven"/>
  <testcase name="f" time="1.092" classname="com.testing.runner.WEBdataDriven"/>
  <testcase name="f" time="1.001" classname="com.testing.runner.WEBdataDriven"/>
  <testcase name="f" time="1.019" classname="com.testing.runner.WEBdataDriven"/>
  <testcase name="f" time="1.017" classname="com.testing.runner.WEBdataDriven"/>
  <testcase name="f" time="1.170" classname="com.testing.runner.WEBdataDriven"/>
  <testcase name="f" time="1.097" classname="com.testing.runner.WEBdataDriven"/>
  <testcase name="f" time="1.033" classname="com.testing.runner.WEBdataDriven"/>
  <testcase name="f" time="1.062" classname="com.testing.runner.WEBdataDriven"/>
  <testcase name="f" time="1.086" classname="com.testing.runner.WEBdataDriven"/>
  <testcase name="f" time="1.161" classname="com.testing.runner.WEBdataDriven"/>
  <testcase name="f" time="1.132" classname="com.testing.runner.WEBdataDriven"/>
  <testcase name="f" time="1.072" classname="com.testing.runner.WEBdataDriven"/>
  <testcase name="f" time="1.082" classname="com.testing.runner.WEBdataDriven"/>
  <testcase name="f" time="1.032" classname="com.testing.runner.WEBdataDriven"/>
  <testcase name="f" time="1.095" classname="com.testing.runner.WEBdataDriven"/>
  <testcase name="f" time="1.022" classname="com.testing.runner.WEBdataDriven"/>
  <testcase name="f" time="1.145" classname="com.testing.runner.WEBdataDriven"/>
  <testcase name="f" time="1.133" classname="com.testing.runner.WEBdataDriven"/>
  <testcase name="f" time="1.001" classname="com.testing.runner.WEBdataDriven"/>
  <testcase name="f" time="2.735" classname="com.testing.runner.WEBdataDriven"/>
  <testcase name="f" time="5.058" classname="com.testing.runner.WEBdataDriven"/>
  <testcase name="f" time="1.026" classname="com.testing.runner.WEBdataDriven"/>
  <testcase name="f" time="1.110" classname="com.testing.runner.WEBdataDriven"/>
  <testcase name="f" time="1.172" classname="com.testing.runner.WEBdataDriven"/>
  <testcase name="f" time="1.110" classname="com.testing.runner.WEBdataDriven"/>
  <testcase name="f" time="1.252" classname="com.testing.runner.WEBdataDriven"/>
  <testcase name="f" time="1.001" classname="com.testing.runner.WEBdataDriven"/>
  <testcase name="f" time="1.085" classname="com.testing.runner.WEBdataDriven"/>
  <testcase name="f" time="1.082" classname="com.testing.runner.WEBdataDriven"/>
  <testcase name="f" time="1.090" classname="com.testing.runner.WEBdataDriven"/>
  <testcase name="f" time="1.097" classname="com.testing.runner.WEBdataDriven"/>
  <testcase name="f" time="1.080" classname="com.testing.runner.WEBdataDriven"/>
  <testcase name="f" time="1.093" classname="com.testing.runner.WEBdataDriven"/>
</testsuite> <!-- com.testing.runner.WEBdataDriven -->
