<?xml version="1.0" encoding="UTF-8"?>
<!-- Generated by org.testng.reporters.JUnitReportReporter -->
<testsuite skipped="0" hostname="duankj-book" name="com.testing.runner.dataDriven" tests="37" failures="0" timestamp="05 三月 2020 02:55:20 GMT" time="46.061" errors="0">
  <testcase name="f" time="1.124" classname="com.testing.runner.dataDriven"/>
  <testcase name="f" time="1.202" classname="com.testing.runner.dataDriven"/>
  <testcase name="f" time="1.033" classname="com.testing.runner.dataDriven"/>
  <testcase name="f" time="1.021" classname="com.testing.runner.dataDriven"/>
  <testcase name="f" time="1.129" classname="com.testing.runner.dataDriven"/>
  <testcase name="f" time="1.027" classname="com.testing.runner.dataDriven"/>
  <testcase name="f" time="5.016" classname="com.testing.runner.dataDriven"/>
  <testcase name="f" time="1.171" classname="com.testing.runner.dataDriven"/>
  <testcase name="f" time="1.095" classname="com.testing.runner.dataDriven"/>
  <testcase name="f" time="1.111" classname="com.testing.runner.dataDriven"/>
  <testcase name="f" time="1.145" classname="com.testing.runner.dataDriven"/>
  <testcase name="f" time="1.069" classname="com.testing.runner.dataDriven"/>
  <testcase name="f" time="1.003" classname="com.testing.runner.dataDriven"/>
  <testcase name="f" time="1.122" classname="com.testing.runner.dataDriven"/>
  <testcase name="f" time="1.080" classname="com.testing.runner.dataDriven"/>
  <testcase name="f" time="1.034" classname="com.testing.runner.dataDriven"/>
  <testcase name="f" time="1.126" classname="com.testing.runner.dataDriven"/>
  <testcase name="f" time="1.028" classname="com.testing.runner.dataDriven"/>
  <testcase name="f" time="1.101" classname="com.testing.runner.dataDriven"/>
  <testcase name="f" time="1.003" classname="com.testing.runner.dataDriven"/>
  <testcase name="f" time="1.102" classname="com.testing.runner.dataDriven"/>
  <testcase name="f" time="1.146" classname="com.testing.runner.dataDriven"/>
  <testcase name="f" time="1.165" classname="com.testing.runner.dataDriven"/>
  <testcase name="f" time="1.158" classname="com.testing.runner.dataDriven"/>
  <testcase name="f" time="1.341" classname="com.testing.runner.dataDriven"/>
  <testcase name="f" time="1.104" classname="com.testing.runner.dataDriven"/>
  <testcase name="f" time="1.045" classname="com.testing.runner.dataDriven"/>
  <testcase name="f" time="1.023" classname="com.testing.runner.dataDriven"/>
  <testcase name="f" time="2.506" classname="com.testing.runner.dataDriven"/>
  <testcase name="f" time="1.196" classname="com.testing.runner.dataDriven"/>
  <testcase name="f" time="1.115" classname="com.testing.runner.dataDriven"/>
  <testcase name="f" time="1.090" classname="com.testing.runner.dataDriven"/>
  <testcase name="f" time="1.101" classname="com.testing.runner.dataDriven"/>
  <testcase name="f" time="1.117" classname="com.testing.runner.dataDriven"/>
  <testcase name="f" time="1.097" classname="com.testing.runner.dataDriven"/>
  <testcase name="f" time="1.003" classname="com.testing.runner.dataDriven"/>
  <testcase name="f" time="1.112" classname="com.testing.runner.dataDriven"/>
</testsuite> <!-- com.testing.runner.dataDriven -->
