<?xml version="1.0" encoding="UTF-8"?>
<!-- Generated by org.testng.reporters.JUnitReportReporter -->
<testsuite skipped="0" hostname="duankj-book" name="demo3.ReRunFailedTestCaseDemo" tests="1" failures="0" timestamp="24 二月 2020 02:37:40 GMT" time="0.061" errors="0">
  <testcase name="test01" time="0.061" classname="demo3.ReRunFailedTestCaseDemo"/>
</testsuite> <!-- demo3.ReRunFailedTestCaseDemo -->
