<?xml version="1.0" encoding="UTF-8"?>
<!-- Generated by org.testng.reporters.JUnitReportReporter -->
<testsuite skipped="0" hostname="duankj-book" name="com.testing.runner.dataDriven2" tests="10" failures="0" timestamp="02 三月 2020 05:50:16 GMT" time="18.961" errors="0">
  <testcase name="f" time="1.108" classname="com.testing.runner.dataDriven2"/>
  <testcase name="f" time="3.003" classname="com.testing.runner.dataDriven2"/>
  <testcase name="f" time="1.092" classname="com.testing.runner.dataDriven2"/>
  <testcase name="f" time="4.657" classname="com.testing.runner.dataDriven2"/>
  <testcase name="f" time="1.082" classname="com.testing.runner.dataDriven2"/>
  <testcase name="f" time="1.776" classname="com.testing.runner.dataDriven2"/>
  <testcase name="f" time="3.002" classname="com.testing.runner.dataDriven2"/>
  <testcase name="f" time="1.090" classname="com.testing.runner.dataDriven2"/>
  <testcase name="f" time="1.083" classname="com.testing.runner.dataDriven2"/>
  <testcase name="f" time="1.068" classname="com.testing.runner.dataDriven2"/>
</testsuite> <!-- com.testing.runner.dataDriven2 -->
