<?xml version="1.0" encoding="UTF-8"?>
<!-- Generated by org.testng.reporters.JUnitReportReporter -->
<testsuite skipped="0" hostname="PC-20190429PFOY" name="log4jTest.NewTest" tests="1" failures="0" timestamp="08 二月 2020 12:47:42 GMT" time="0.992" errors="0">
  <testcase name="f" time="0.992" classname="log4jTest.NewTest"/>
</testsuite> <!-- log4jTest.NewTest -->
