<?xml version="1.0" encoding="UTF-8"?>
<!-- Generated by org.testng.reporters.JUnitReportReporter -->
<testsuite skipped="0" hostname="duankj-book" name="com.testing.runner.WEBdataDriven" tests="37" failures="0" timestamp="10 三月 2020 06:11:53 GMT" time="46.125" errors="0">
  <testcase name="f" time="1.119" classname="com.testing.runner.WEBdataDriven"/>
  <testcase name="f" time="1.030" classname="com.testing.runner.WEBdataDriven"/>
  <testcase name="f" time="1.029" classname="com.testing.runner.WEBdataDriven"/>
  <testcase name="f" time="1.122" classname="com.testing.runner.WEBdataDriven"/>
  <testcase name="f" time="1.143" classname="com.testing.runner.WEBdataDriven"/>
  <testcase name="f" time="1.099" classname="com.testing.runner.WEBdataDriven"/>
  <testcase name="f" time="1.111" classname="com.testing.runner.WEBdataDriven"/>
  <testcase name="f" time="1.136" classname="com.testing.runner.WEBdataDriven"/>
  <testcase name="f" time="2.751" classname="com.testing.runner.WEBdataDriven"/>
  <testcase name="f" time="1.094" classname="com.testing.runner.WEBdataDriven"/>
  <testcase name="f" time="1.022" classname="com.testing.runner.WEBdataDriven"/>
  <testcase name="f" time="1.093" classname="com.testing.runner.WEBdataDriven"/>
  <testcase name="f" time="1.322" classname="com.testing.runner.WEBdataDriven"/>
  <testcase name="f" time="4.464" classname="com.testing.runner.WEBdataDriven"/>
  <testcase name="f" time="1.004" classname="com.testing.runner.WEBdataDriven"/>
  <testcase name="f" time="1.092" classname="com.testing.runner.WEBdataDriven"/>
  <testcase name="f" time="1.104" classname="com.testing.runner.WEBdataDriven"/>
  <testcase name="f" time="1.255" classname="com.testing.runner.WEBdataDriven"/>
  <testcase name="f" time="1.025" classname="com.testing.runner.WEBdataDriven"/>
  <testcase name="f" time="1.175" classname="com.testing.runner.WEBdataDriven"/>
  <testcase name="f" time="1.067" classname="com.testing.runner.WEBdataDriven"/>
  <testcase name="f" time="1.146" classname="com.testing.runner.WEBdataDriven"/>
  <testcase name="f" time="1.103" classname="com.testing.runner.WEBdataDriven"/>
  <testcase name="f" time="1.234" classname="com.testing.runner.WEBdataDriven"/>
  <testcase name="f" time="1.036" classname="com.testing.runner.WEBdataDriven"/>
  <testcase name="f" time="1.172" classname="com.testing.runner.WEBdataDriven"/>
  <testcase name="f" time="1.002" classname="com.testing.runner.WEBdataDriven"/>
  <testcase name="f" time="1.097" classname="com.testing.runner.WEBdataDriven"/>
  <testcase name="f" time="1.069" classname="com.testing.runner.WEBdataDriven"/>
  <testcase name="f" time="1.127" classname="com.testing.runner.WEBdataDriven"/>
  <testcase name="f" time="1.143" classname="com.testing.runner.WEBdataDriven"/>
  <testcase name="f" time="1.022" classname="com.testing.runner.WEBdataDriven"/>
  <testcase name="f" time="1.003" classname="com.testing.runner.WEBdataDriven"/>
  <testcase name="f" time="1.402" classname="com.testing.runner.WEBdataDriven"/>
  <testcase name="f" time="1.106" classname="com.testing.runner.WEBdataDriven"/>
  <testcase name="f" time="1.110" classname="com.testing.runner.WEBdataDriven"/>
  <testcase name="f" time="1.096" classname="com.testing.runner.WEBdataDriven"/>
</testsuite> <!-- com.testing.runner.WEBdataDriven -->
