<?xml version="1.0" encoding="UTF-8"?>
<!-- Generated by org.testng.reporters.JUnitReportReporter -->
<testsuite skipped="0" hostname="duankj-book" name="com.testing.runner.WEBdataDriven4" tests="25" failures="0" timestamp="10 三月 2020 06:13:15 GMT" time="37.828" errors="0">
  <testcase name="f" time="3.893" classname="com.testing.runner.WEBdataDriven4"/>
  <testcase name="f" time="1.258" classname="com.testing.runner.WEBdataDriven4"/>
  <testcase name="f" time="2.314" classname="com.testing.runner.WEBdataDriven4"/>
  <testcase name="f" time="2.796" classname="com.testing.runner.WEBdataDriven4"/>
  <testcase name="f" time="1.509" classname="com.testing.runner.WEBdataDriven4"/>
  <testcase name="f" time="1.120" classname="com.testing.runner.WEBdataDriven4"/>
  <testcase name="f" time="1.470" classname="com.testing.runner.WEBdataDriven4"/>
  <testcase name="f" time="1.109" classname="com.testing.runner.WEBdataDriven4"/>
  <testcase name="f" time="1.099" classname="com.testing.runner.WEBdataDriven4"/>
  <testcase name="f" time="1.216" classname="com.testing.runner.WEBdataDriven4"/>
  <testcase name="f" time="1.216" classname="com.testing.runner.WEBdataDriven4"/>
  <testcase name="f" time="1.131" classname="com.testing.runner.WEBdataDriven4"/>
  <testcase name="f" time="1.073" classname="com.testing.runner.WEBdataDriven4"/>
  <testcase name="f" time="2.166" classname="com.testing.runner.WEBdataDriven4"/>
  <testcase name="f" time="0.573" classname="com.testing.runner.WEBdataDriven4"/>
  <testcase name="f" time="1.792" classname="com.testing.runner.WEBdataDriven4"/>
  <testcase name="f" time="1.779" classname="com.testing.runner.WEBdataDriven4"/>
  <testcase name="f" time="1.226" classname="com.testing.runner.WEBdataDriven4"/>
  <testcase name="f" time="1.207" classname="com.testing.runner.WEBdataDriven4"/>
  <testcase name="f" time="1.791" classname="com.testing.runner.WEBdataDriven4"/>
  <testcase name="f" time="1.161" classname="com.testing.runner.WEBdataDriven4"/>
  <testcase name="f" time="1.388" classname="com.testing.runner.WEBdataDriven4"/>
  <testcase name="f" time="1.340" classname="com.testing.runner.WEBdataDriven4"/>
  <testcase name="f" time="1.068" classname="com.testing.runner.WEBdataDriven4"/>
  <testcase name="f" time="1.133" classname="com.testing.runner.WEBdataDriven4"/>
</testsuite> <!-- com.testing.runner.WEBdataDriven4 -->
